  Source.cpp
c:\users\nil.baro\desktop\redes\practicaredes\platilla_3projects\gameserver\source.cpp(164): warning C4244: '=': conversion from 'int' to 'T', possible loss of data
          with
          [
              T=float
          ]
c:\users\nil.baro\desktop\redes\practicaredes\platilla_3projects\gameserver\source.cpp(165): warning C4244: '=': conversion from 'int' to 'T', possible loss of data
          with
          [
              T=float
          ]
c:\users\nil.baro\desktop\redes\practicaredes\platilla_3projects\gameserver\source.cpp(240): warning C4244: 'argument': conversion from 'time_t' to 'unsigned int', possible loss of data
c:\users\nil.baro\desktop\redes\practicaredes\platilla_3projects\gameserver\source.cpp(432): warning C4244: '=': conversion from 'T' to 'int', possible loss of data
          with
          [
              T=float
          ]
c:\users\nil.baro\desktop\redes\practicaredes\platilla_3projects\gameserver\source.cpp(433): warning C4244: '=': conversion from 'T' to 'int', possible loss of data
          with
          [
              T=float
          ]
c:\users\nil.baro\desktop\redes\practicaredes\platilla_3projects\gameserver\source.cpp(436): warning C4244: '=': conversion from 'T' to 'int', possible loss of data
          with
          [
              T=float
          ]
c:\users\nil.baro\desktop\redes\practicaredes\platilla_3projects\gameserver\source.cpp(437): warning C4244: '=': conversion from 'T' to 'int', possible loss of data
          with
          [
              T=float
          ]
c:\users\nil.baro\desktop\redes\practicaredes\platilla_3projects\gameserver\source.cpp(440): warning C4244: '=': conversion from 'T' to 'int', possible loss of data
          with
          [
              T=float
          ]
c:\users\nil.baro\desktop\redes\practicaredes\platilla_3projects\gameserver\source.cpp(441): warning C4244: '=': conversion from 'T' to 'int', possible loss of data
          with
          [
              T=float
          ]
c:\users\nil.baro\desktop\redes\practicaredes\platilla_3projects\gameserver\source.cpp(444): warning C4244: '=': conversion from 'T' to 'int', possible loss of data
          with
          [
              T=float
          ]
c:\users\nil.baro\desktop\redes\practicaredes\platilla_3projects\gameserver\source.cpp(445): warning C4244: '=': conversion from 'T' to 'int', possible loss of data
          with
          [
              T=float
          ]
c:\users\nil.baro\desktop\redes\practicaredes\platilla_3projects\gameserver\source.cpp(472): warning C4244: 'argument': conversion from 'T' to 'int', possible loss of data
          with
          [
              T=float
          ]
c:\users\nil.baro\desktop\redes\practicaredes\platilla_3projects\gameserver\source.cpp(478): warning C4244: '=': conversion from 'int' to 'T', possible loss of data
          with
          [
              T=float
          ]
c:\users\nil.baro\desktop\redes\practicaredes\platilla_3projects\gameserver\source.cpp(479): warning C4244: '=': conversion from 'int' to 'T', possible loss of data
          with
          [
              T=float
          ]
c:\users\nil.baro\desktop\redes\practicaredes\platilla_3projects\gameserver\source.cpp(506): warning C4244: 'argument': conversion from 'T' to 'int', possible loss of data
          with
          [
              T=float
          ]
c:\users\nil.baro\desktop\redes\practicaredes\platilla_3projects\gameserver\source.cpp(512): warning C4244: '=': conversion from 'int' to 'T', possible loss of data
          with
          [
              T=float
          ]
c:\users\nil.baro\desktop\redes\practicaredes\platilla_3projects\gameserver\source.cpp(513): warning C4244: '=': conversion from 'int' to 'T', possible loss of data
          with
          [
              T=float
          ]
c:\users\nil.baro\desktop\redes\practicaredes\platilla_3projects\gameserver\source.cpp(549): warning C4244: 'argument': conversion from 'T' to 'int', possible loss of data
          with
          [
              T=float
          ]
c:\users\nil.baro\desktop\redes\practicaredes\platilla_3projects\gameserver\source.cpp(678): warning C4838: conversion from 'T' to 'int' requires a narrowing conversion
          with
          [
              T=float
          ]
c:\users\nil.baro\desktop\redes\practicaredes\platilla_3projects\gameserver\source.cpp(678): warning C4244: 'initializing': conversion from 'T' to 'int', possible loss of data
          with
          [
              T=float
          ]
c:\users\nil.baro\desktop\redes\practicaredes\platilla_3projects\gameserver\source.cpp(390): warning C4101: 'numCard': unreferenced local variable
  Generating code
  1 of 379 functions ( 0.3%) were compiled, the rest were copied from previous compilation.
    0 functions were new in current compilation
    1 functions had inline decision re-evaluated but remain unchanged
  Finished generating code
  GameServer.vcxproj -> C:\Users\nil.baro\Desktop\Redes\PracticaRedes\Platilla_3Projects\x64\Release\GameServer.exe
