C:\Program Files (x86)\Microsoft Visual Studio\2017\Community\Common7\IDE\VC\VCTargets\Microsoft.CppBuild.targets(391,5): warning MSB8028: El directorio intermedio (x64\Release\) contiene archivos compartidos de otro proyecto (GameClient.vcxproj). Esto puede dar lugar a un comportamiento incorrecto de limpieza y recompilación.
  Source.cpp
c:\users\nil baro\desktop\practicaredes\practicaredes\platilla_3projects\gameclientp2p\graphics.h(30): warning C4244: '=': conversión de 'int' a 'T'; posible pérdida de datos
          with
          [
              T=float
          ]
c:\users\nil baro\desktop\practicaredes\practicaredes\platilla_3projects\gameclientp2p\graphics.h(31): warning C4244: '=': conversión de 'int' a 'T'; posible pérdida de datos
          with
          [
              T=float
          ]
c:\users\nil baro\desktop\practicaredes\practicaredes\platilla_3projects\gameclientp2p\graphics.h(32): warning C4244: '=': conversión de 'int' a 'T'; posible pérdida de datos
          with
          [
              T=float
          ]
c:\users\nil baro\desktop\practicaredes\practicaredes\platilla_3projects\gameclientp2p\graphics.h(33): warning C4244: '=': conversión de 'int' a 'T'; posible pérdida de datos
          with
          [
              T=float
          ]
c:\users\nil baro\desktop\practicaredes\practicaredes\platilla_3projects\gameclientp2p\graphics.h(41): warning C4244: 'inicializando': conversión de 'T' a 'int'; posible pérdida de datos
          with
          [
              T=float
          ]
c:\users\nil baro\desktop\practicaredes\practicaredes\platilla_3projects\gameclientp2p\graphics.h(41): warning C4244: '=': conversión de 'float' a 'int'; posible pérdida de datos
c:\users\nil baro\desktop\practicaredes\practicaredes\platilla_3projects\gameclientp2p\graphics.h(43): warning C4244: 'inicializando': conversión de 'T' a 'int'; posible pérdida de datos
          with
          [
              T=float
          ]
c:\users\nil baro\desktop\practicaredes\practicaredes\platilla_3projects\gameclientp2p\graphics.h(43): warning C4244: '=': conversión de 'float' a 'int'; posible pérdida de datos
c:\users\nil baro\desktop\practicaredes\practicaredes\platilla_3projects\gameclientp2p\graphics.h(45): warning C4244: 'argumento': conversión de 'int' a 'T'; posible pérdida de datos
          with
          [
              T=float
          ]
c:\users\nil baro\desktop\practicaredes\practicaredes\platilla_3projects\gameclientp2p\source.cpp(74): warning C4244: 'argumento': conversión de 'float' a 'sf::Int32'; posible pérdida de datos
c:\users\nil baro\desktop\practicaredes\practicaredes\platilla_3projects\gameclientp2p\source.cpp(154): warning C4244: 'argumento': conversión de 'float' a 'sf::Int32'; posible pérdida de datos
c:\users\nil baro\desktop\practicaredes\practicaredes\platilla_3projects\gameclientp2p\source.cpp(166): warning C4244: 'argumento': conversión de 'float' a 'sf::Int32'; posible pérdida de datos
c:\users\nil baro\desktop\practicaredes\practicaredes\platilla_3projects\gameclientp2p\source.cpp(98): warning C4101: 'type': variable local sin referencia
  Generando código
  1 of 519 functions ( 0.2%) were compiled, the rest were copied from previous compilation.
    0 functions were new in current compilation
    8 functions had inline decision re-evaluated but remain unchanged
  Generación de código finalizada
GameLib.lib(PlayerInfo.obj) : warning LNK4099: no se encontró PDB 'GameLib.pdb' con 'GameLib.lib(PlayerInfo.obj)' o en 'C:\Users\Nil Baro\Desktop\PracticaRedes\PracticaRedes\Platilla_3Projects\x64\Release\GameLib.pdb'; se vinculará el objeto sin tener en cuenta información de depuración
  GameClientP2P.vcxproj -> C:\Users\Nil Baro\Desktop\PracticaRedes\PracticaRedes\Platilla_3Projects\x64\Release\GameClientP2P.exe
