  Source.cpp
c:\users\nbr19\desktop\redes\practicaredes\platilla_3projects\gameclient\graphics.h(30): warning C4244: '=': conversión de 'int' a 'T'; posible pérdida de datos
          with
          [
              T=float
          ]
c:\users\nbr19\desktop\redes\practicaredes\platilla_3projects\gameclient\graphics.h(31): warning C4244: '=': conversión de 'int' a 'T'; posible pérdida de datos
          with
          [
              T=float
          ]
c:\users\nbr19\desktop\redes\practicaredes\platilla_3projects\gameclient\graphics.h(32): warning C4244: '=': conversión de 'int' a 'T'; posible pérdida de datos
          with
          [
              T=float
          ]
c:\users\nbr19\desktop\redes\practicaredes\platilla_3projects\gameclient\graphics.h(33): warning C4244: '=': conversión de 'int' a 'T'; posible pérdida de datos
          with
          [
              T=float
          ]
c:\users\nbr19\desktop\redes\practicaredes\platilla_3projects\gameclient\graphics.h(41): warning C4244: 'inicializando': conversión de 'T' a 'int'; posible pérdida de datos
          with
          [
              T=float
          ]
c:\users\nbr19\desktop\redes\practicaredes\platilla_3projects\gameclient\graphics.h(41): warning C4244: '=': conversión de 'float' a 'int'; posible pérdida de datos
c:\users\nbr19\desktop\redes\practicaredes\platilla_3projects\gameclient\graphics.h(43): warning C4244: 'inicializando': conversión de 'T' a 'int'; posible pérdida de datos
          with
          [
              T=float
          ]
c:\users\nbr19\desktop\redes\practicaredes\platilla_3projects\gameclient\graphics.h(43): warning C4244: '=': conversión de 'float' a 'int'; posible pérdida de datos
c:\users\nbr19\desktop\redes\practicaredes\platilla_3projects\gameclient\graphics.h(45): warning C4244: 'argumento': conversión de 'int' a 'T'; posible pérdida de datos
          with
          [
              T=float
          ]
c:\users\nbr19\desktop\redes\practicaredes\platilla_3projects\gameclient\source.cpp(63): warning C4244: 'argumento': conversión de 'float' a 'sf::Int32'; posible pérdida de datos
c:\users\nbr19\desktop\redes\practicaredes\platilla_3projects\gameclient\source.cpp(251): warning C4244: '=': conversión de 'int' a 'T'; posible pérdida de datos
          with
          [
              T=float
          ]
c:\users\nbr19\desktop\redes\practicaredes\platilla_3projects\gameclient\source.cpp(252): warning C4244: '=': conversión de 'int' a 'T'; posible pérdida de datos
          with
          [
              T=float
          ]
  Generando código
  1 of 573 functions ( 0.2%) were compiled, the rest were copied from previous compilation.
    0 functions were new in current compilation
    6 functions had inline decision re-evaluated but remain unchanged
  Generación de código finalizada
  GameClient.vcxproj -> C:\Users\nbr19\Desktop\Redes\PracticaRedes\Platilla_3Projects\x64\Release\GameClient.exe
